<?xml version="1.0" encoding="UTF-8" ?>
<testsuite failures="0" time="0.074" errors="0" skipped="0" tests="73" name="org.cytoscape.equations.FunctionUtilTest">
  <properties>
    <property name="java.runtime.name" value="Java(TM) SE Runtime Environment"/>
    <property name="sun.boot.library.path" value="/System/Library/Java/JavaVirtualMachines/1.6.0.jdk/Contents/Libraries"/>
    <property name="java.vm.version" value="17.1-b03-307"/>
    <property name="awt.nativeDoubleBuffering" value="true"/>
    <property name="gopherProxySet" value="false"/>
    <property name="mrj.build" value="10M3261"/>
    <property name="java.vm.vendor" value="Apple Inc."/>
    <property name="java.vendor.url" value="http://www.apple.com/"/>
    <property name="path.separator" value=":"/>
    <property name="java.vm.name" value="Java HotSpot(TM) 64-Bit Server VM"/>
    <property name="file.encoding.pkg" value="sun.io"/>
    <property name="user.country" value="US"/>
    <property name="sun.java.launcher" value="SUN_STANDARD"/>
    <property name="sun.os.patch.level" value="unknown"/>
    <property name="java.vm.specification.name" value="Java Virtual Machine Specification"/>
    <property name="user.dir" value="/Users/ruschein/code/core3/equations-api"/>
    <property name="java.runtime.version" value="1.6.0_22-b04-307-10M3261"/>
    <property name="java.awt.graphicsenv" value="apple.awt.CGraphicsEnvironment"/>
    <property name="basedir" value="/Users/ruschein/code/core3/equations-api"/>
    <property name="java.endorsed.dirs" value="/System/Library/Java/JavaVirtualMachines/1.6.0.jdk/Contents/Home/lib/endorsed"/>
    <property name="os.arch" value="x86_64"/>
    <property name="surefire.real.class.path" value="/var/folders/Kh/KhWtb+2FF2S4lDT5GwxtbU+++h2/-Tmp-/surefirebooter1068180483245346016.jar"/>
    <property name="java.io.tmpdir" value="/var/folders/Kh/KhWtb+2FF2S4lDT5GwxtbU+++h2/-Tmp-/"/>
    <property name="line.separator" value="
"/>
    <property name="java.vm.specification.vendor" value="Sun Microsystems Inc."/>
    <property name="os.name" value="Mac OS X"/>
    <property name="sun.jnu.encoding" value="MacRoman"/>
    <property name="java.library.path" value=".:/Library/Java/Extensions:/System/Library/Java/Extensions:/usr/lib/java"/>
    <property name="surefire.test.class.path" value="/Users/ruschein/code/core3/equations-api/target/test-classes:/Users/ruschein/code/core3/equations-api/target/generated-classes/cobertura:/Users/ruschein/.m2/repository/junit/junit/4.8.1/junit-4.8.1.jar:/Users/ruschein/.m2/repository/org/ops4j/pax/logging/pax-logging-api/1.5.2/pax-logging-api-1.5.2.jar:/Users/ruschein/.m2/repository/org/mockito/mockito-all/1.8.1/mockito-all-1.8.1.jar:/Users/ruschein/.m2/repository/net/sourceforge/cobertura/cobertura/1.9.4.1/cobertura-1.9.4.1.jar:/Users/ruschein/.m2/repository/org/apache/ant/ant/1.7.0/ant-1.7.0.jar:/Users/ruschein/.m2/repository/org/apache/ant/ant-launcher/1.7.0/ant-launcher-1.7.0.jar:"/>
    <property name="java.specification.name" value="Java Platform API Specification"/>
    <property name="java.class.version" value="50.0"/>
    <property name="sun.management.compiler" value="HotSpot 64-Bit Server Compiler"/>
    <property name="os.version" value="10.6.4"/>
    <property name="http.nonProxyHosts" value="local|*.local|169.254/16|*.169.254/16"/>
    <property name="user.home" value="/Users/ruschein"/>
    <property name="user.timezone" value=""/>
    <property name="java.awt.printerjob" value="apple.awt.CPrinterJob"/>
    <property name="java.specification.version" value="1.6"/>
    <property name="file.encoding" value="MacRoman"/>
    <property name="user.name" value="ruschein"/>
    <property name="java.class.path" value="/Users/ruschein/code/core3/equations-api/target/test-classes:/Users/ruschein/code/core3/equations-api/target/generated-classes/cobertura:/Users/ruschein/.m2/repository/junit/junit/4.8.1/junit-4.8.1.jar:/Users/ruschein/.m2/repository/org/ops4j/pax/logging/pax-logging-api/1.5.2/pax-logging-api-1.5.2.jar:/Users/ruschein/.m2/repository/org/mockito/mockito-all/1.8.1/mockito-all-1.8.1.jar:/Users/ruschein/.m2/repository/net/sourceforge/cobertura/cobertura/1.9.4.1/cobertura-1.9.4.1.jar:/Users/ruschein/.m2/repository/org/apache/ant/ant/1.7.0/ant-1.7.0.jar:/Users/ruschein/.m2/repository/org/apache/ant/ant-launcher/1.7.0/ant-launcher-1.7.0.jar:"/>
    <property name="java.vm.specification.version" value="1.0"/>
    <property name="sun.arch.data.model" value="64"/>
    <property name="java.home" value="/System/Library/Java/JavaVirtualMachines/1.6.0.jdk/Contents/Home"/>
    <property name="java.specification.vendor" value="Sun Microsystems Inc."/>
    <property name="user.language" value="en"/>
    <property name="awt.toolkit" value="apple.awt.CToolkit"/>
    <property name="java.vm.info" value="mixed mode"/>
    <property name="java.version" value="1.6.0_22"/>
    <property name="java.ext.dirs" value="/Library/Java/Extensions:/System/Library/Java/Extensions:/System/Library/Java/JavaVirtualMachines/1.6.0.jdk/Contents/Home/lib/ext"/>
    <property name="sun.boot.class.path" value="/System/Library/Java/JavaVirtualMachines/1.6.0.jdk/Contents/Classes/jsfd.jar:/System/Library/Java/JavaVirtualMachines/1.6.0.jdk/Contents/Classes/classes.jar:/System/Library/Frameworks/JavaVM.framework/Frameworks/JavaRuntimeSupport.framework/Resources/Java/JavaRuntimeSupport.jar:/System/Library/Java/JavaVirtualMachines/1.6.0.jdk/Contents/Classes/ui.jar:/System/Library/Java/JavaVirtualMachines/1.6.0.jdk/Contents/Classes/laf.jar:/System/Library/Java/JavaVirtualMachines/1.6.0.jdk/Contents/Classes/sunrsasign.jar:/System/Library/Java/JavaVirtualMachines/1.6.0.jdk/Contents/Classes/jsse.jar:/System/Library/Java/JavaVirtualMachines/1.6.0.jdk/Contents/Classes/jce.jar:/System/Library/Java/JavaVirtualMachines/1.6.0.jdk/Contents/Classes/charsets.jar"/>
    <property name="java.vendor" value="Apple Inc."/>
    <property name="localRepository" value="/Users/ruschein/.m2/repository"/>
    <property name="file.separator" value="/"/>
    <property name="java.vendor.url.bug" value="http://bugreport.apple.com/"/>
    <property name="sun.cpu.endian" value="little"/>
    <property name="sun.io.unicode.encoding" value="UnicodeLittle"/>
    <property name="mrj.version" value="1060.1.6.0_22-307"/>
    <property name="socksNonProxyHosts" value="local|*.local|169.254/16|*.169.254/16"/>
    <property name="ftp.nonProxyHosts" value="local|*.local|169.254/16|*.169.254/16"/>
    <property name="sun.cpu.isalist" value=""/>
  </properties>
  <testcase time="0" classname="org.cytoscape.equations.FunctionUtilTest" name="testGetArgAsDoubleWithADoubleArgument"/>
  <testcase time="0" classname="org.cytoscape.equations.FunctionUtilTest" name="testGetArgAsDoubleWithALongArgument"/>
  <testcase time="0" classname="org.cytoscape.equations.FunctionUtilTest" name="testGetArgAsDoubleWithValidStringArgument"/>
  <testcase time="0" classname="org.cytoscape.equations.FunctionUtilTest" name="testGetArgAsDoubleWithBadStringArgument"/>
  <testcase time="0" classname="org.cytoscape.equations.FunctionUtilTest" name="testGetArgAsDoubleWithBooleanArgument"/>
  <testcase time="0" classname="org.cytoscape.equations.FunctionUtilTest" name="testGetArgAsDoubleWithBooleanArgument2"/>
  <testcase time="0" classname="org.cytoscape.equations.FunctionUtilTest" name="testGetArgAsDoubleWithBadArgumentType"/>
  <testcase time="0.001" classname="org.cytoscape.equations.FunctionUtilTest" name="testGetArgAsStringFromBoolean"/>
  <testcase time="0" classname="org.cytoscape.equations.FunctionUtilTest" name="testGetArgAsStringFromBoolean2"/>
  <testcase time="0" classname="org.cytoscape.equations.FunctionUtilTest" name="testGetArgAsStringFromDouble"/>
  <testcase time="0" classname="org.cytoscape.equations.FunctionUtilTest" name="testGetArgAsStringFromString"/>
  <testcase time="0" classname="org.cytoscape.equations.FunctionUtilTest" name="testGetArgAsLongFromDouble"/>
  <testcase time="0" classname="org.cytoscape.equations.FunctionUtilTest" name="testGetArgAsLongFromLong"/>
  <testcase time="0" classname="org.cytoscape.equations.FunctionUtilTest" name="testGetArgAsLongFromBoolean"/>
  <testcase time="0.001" classname="org.cytoscape.equations.FunctionUtilTest" name="testGetArgAsLongFromValidString"/>
  <testcase time="0" classname="org.cytoscape.equations.FunctionUtilTest" name="testGetArgAsLongFromInvalidString"/>
  <testcase time="0.001" classname="org.cytoscape.equations.FunctionUtilTest" name="testGetArgAsLongFromBoolean2"/>
  <testcase time="0" classname="org.cytoscape.equations.FunctionUtilTest" name="testGetArgAsLongWithInvalidTypeAsArgument"/>
  <testcase time="0" classname="org.cytoscape.equations.FunctionUtilTest" name="testGetArgAsBooleanWithNonZeroDouble"/>
  <testcase time="0" classname="org.cytoscape.equations.FunctionUtilTest" name="testGetArgAsBooleanWithZeroDouble"/>
  <testcase time="0" classname="org.cytoscape.equations.FunctionUtilTest" name="testGetArgAsBooleanWithNonZeroLong"/>
  <testcase time="0" classname="org.cytoscape.equations.FunctionUtilTest" name="testGetArgAsBooleanWithZeroLong"/>
  <testcase time="0" classname="org.cytoscape.equations.FunctionUtilTest" name="testGetArgAsBooleanWithTrueValuedString"/>
  <testcase time="0" classname="org.cytoscape.equations.FunctionUtilTest" name="testGetArgAsBooleanWithFalseValuedString"/>
  <testcase time="0" classname="org.cytoscape.equations.FunctionUtilTest" name="testGetArgAsBooleanWithBooleanArgument"/>
  <testcase time="0" classname="org.cytoscape.equations.FunctionUtilTest" name="testGetArgAsBooleanWithInvalidTypeAsArgument"/>
  <testcase time="0.001" classname="org.cytoscape.equations.FunctionUtilTest" name="testGetArgAsBooleanWithInvalidString"/>
  <testcase time="0" classname="org.cytoscape.equations.FunctionUtilTest" name="testNumericallySafeSum"/>
  <testcase time="0" classname="org.cytoscape.equations.FunctionUtilTest" name="testGetOrdinal1"/>
  <testcase time="0" classname="org.cytoscape.equations.FunctionUtilTest" name="testGetOrdinal2"/>
  <testcase time="0" classname="org.cytoscape.equations.FunctionUtilTest" name="testGetOrdinal3"/>
  <testcase time="0" classname="org.cytoscape.equations.FunctionUtilTest" name="testGetOrdinal4"/>
  <testcase time="0" classname="org.cytoscape.equations.FunctionUtilTest" name="testGetOrdinal5"/>
  <testcase time="0" classname="org.cytoscape.equations.FunctionUtilTest" name="testCalcSampleVariance"/>
  <testcase time="0" classname="org.cytoscape.equations.FunctionUtilTest" name="testCalcSampleVarianceWithIllegalArgument"/>
  <testcase time="0.001" classname="org.cytoscape.equations.FunctionUtilTest" name="testListToArray"/>
  <testcase time="0" classname="org.cytoscape.equations.FunctionUtilTest" name="testIsScalarArgTypeWithADoubleArgument"/>
  <testcase time="0" classname="org.cytoscape.equations.FunctionUtilTest" name="testIsScalarArgTypeWithALongArgument"/>
  <testcase time="0" classname="org.cytoscape.equations.FunctionUtilTest" name="testIsScalarArgTypeWithAStringArgument"/>
  <testcase time="0" classname="org.cytoscape.equations.FunctionUtilTest" name="testIsScalarArgTypeWithABooleanArgument"/>
  <testcase time="0" classname="org.cytoscape.equations.FunctionUtilTest" name="testIsScalarArgTypeWithAnIntegerArgument"/>
  <testcase time="0" classname="org.cytoscape.equations.FunctionUtilTest" name="testIsScalarArgTypeWithAListArgument"/>
  <testcase time="0" classname="org.cytoscape.equations.FunctionUtilTest" name="testIsSomeKindOfListWithAListArg"/>
  <testcase time="0" classname="org.cytoscape.equations.FunctionUtilTest" name="testIsSomeKindOfListWithAnArrayListArg"/>
  <testcase time="0" classname="org.cytoscape.equations.FunctionUtilTest" name="testIsSomeKindOfListWithADoubleListArg"/>
  <testcase time="0" classname="org.cytoscape.equations.FunctionUtilTest" name="testIsSomeKindOfListWithAStringListArg"/>
  <testcase time="0" classname="org.cytoscape.equations.FunctionUtilTest" name="testIsSomeKindOfListWithALongListArg"/>
  <testcase time="0" classname="org.cytoscape.equations.FunctionUtilTest" name="testIsSomeKindOfListWithABooleanListArg"/>
  <testcase time="0" classname="org.cytoscape.equations.FunctionUtilTest" name="testIsSomeKindOfListWithAVectorArg"/>
  <testcase time="0" classname="org.cytoscape.equations.FunctionUtilTest" name="testIsSomeKindOfListWithAStackArg"/>
  <testcase time="0" classname="org.cytoscape.equations.FunctionUtilTest" name="testIsSomeKindOfListWithAnAttributeListArg"/>
  <testcase time="0" classname="org.cytoscape.equations.FunctionUtilTest" name="testIsSomeKindOfListWithACopyOnWriteArrayListArg"/>
  <testcase time="0" classname="org.cytoscape.equations.FunctionUtilTest" name="testIsSomeKindOfListWithALinkedListArg"/>
  <testcase time="0" classname="org.cytoscape.equations.FunctionUtilTest" name="testIsSomeKindOfListWithARoleListArg"/>
  <testcase time="0" classname="org.cytoscape.equations.FunctionUtilTest" name="testIsSomeKindOfListWithARoleUnresolvedListArg"/>
  <testcase time="0" classname="org.cytoscape.equations.FunctionUtilTest" name="testIsSomeKindOfListWithAScalarArg"/>
  <testcase time="0" classname="org.cytoscape.equations.FunctionUtilTest" name="testIsSomeKindOfListWithAnArrayArg"/>
  <testcase time="0" classname="org.cytoscape.equations.FunctionUtilTest" name="testAddScalarArgumentTypes"/>
  <testcase time="0" classname="org.cytoscape.equations.FunctionUtilTest" name="testGetDoubles"/>
  <testcase time="0" classname="org.cytoscape.equations.FunctionUtilTest" name="testGetDoubles2"/>
  <testcase time="0.001" classname="org.cytoscape.equations.FunctionUtilTest" name="testGetStrings"/>
  <testcase time="0" classname="org.cytoscape.equations.FunctionUtilTest" name="testGetLongs"/>
  <testcase time="0" classname="org.cytoscape.equations.FunctionUtilTest" name="testGetBooleans"/>
  <testcase time="0" classname="org.cytoscape.equations.FunctionUtilTest" name="testTranslateObjectType1"/>
  <testcase time="0.001" classname="org.cytoscape.equations.FunctionUtilTest" name="testTranslateObjectType2"/>
  <testcase time="0" classname="org.cytoscape.equations.FunctionUtilTest" name="testTranslateObjectType3"/>
  <testcase time="0" classname="org.cytoscape.equations.FunctionUtilTest" name="testTranslateObjectType4"/>
  <testcase time="0" classname="org.cytoscape.equations.FunctionUtilTest" name="testTranslateObjectType5"/>
  <testcase time="0.001" classname="org.cytoscape.equations.FunctionUtilTest" name="testTranslateObjectType6"/>
  <testcase time="0" classname="org.cytoscape.equations.FunctionUtilTest" name="testTranslateObjectType7"/>
  <testcase time="0" classname="org.cytoscape.equations.FunctionUtilTest" name="testTranslateObjectType8"/>
  <testcase time="0.001" classname="org.cytoscape.equations.FunctionUtilTest" name="testTranslateObjectType9"/>
  <testcase time="0" classname="org.cytoscape.equations.FunctionUtilTest" name="testTranslateObjectType10"/>
</testsuite>